D:\BPBP\BP1\BP11\BP11\BP11\X64\DEBUG\BP1.OBJ
D:\BPBP\BP1\BP11\BP11\BP11\X64\DEBUG\VC110.PDB
D:\BPBP\BP1\BP11\BP11\X64\DEBUG\BP11.ILK
D:\BPBP\BP1\BP11\BP11\X64\DEBUG\BP11.DLL
D:\BPBP\BP1\BP11\BP11\X64\DEBUG\BP11.PDB
D:\bpbp\bp1\bp11\bp11\bp11\x64\Debug\bp1.obj
D:\bpbp\bp1\bp11\bp11\bp11\x64\Debug\cl.command.1.tlog
D:\bpbp\bp1\bp11\bp11\bp11\x64\Debug\CL.read.1.tlog
D:\bpbp\bp1\bp11\bp11\bp11\x64\Debug\CL.write.1.tlog
D:\bpbp\bp1\bp11\bp11\bp11\x64\Debug\link-cvtres.read.1.tlog
D:\bpbp\bp1\bp11\bp11\bp11\x64\Debug\link-cvtres.write.1.tlog
D:\bpbp\bp1\bp11\bp11\bp11\x64\Debug\link-rc.read.1.tlog
D:\bpbp\bp1\bp11\bp11\bp11\x64\Debug\link-rc.write.1.tlog
D:\bpbp\bp1\bp11\bp11\bp11\x64\Debug\link.command.1.tlog
D:\bpbp\bp1\bp11\bp11\bp11\x64\Debug\link.read.1.tlog
D:\bpbp\bp1\bp11\bp11\bp11\x64\Debug\link.write.1.tlog
D:\bpbp\bp1\bp11\bp11\bp11\x64\Debug\vc110.idb
D:\bpbp\bp1\bp11\bp11\bp11\x64\Debug\vc110.pdb
D:\bpbp\bp1\bp11\bp11\x64\Debug\bp11.pdb
D:\bpbp\bp1\bp11\bp11\x64\Debug\bp11.ilk
